Notify: Found jdk version: 1.8.0.	[MsgId: MMSG-22986]
Warning: Warning: Classpath entry not found: c:\users\абдусамеъ\documents\vugen\scripts\javahttp1\original-testartid-1.0-snapshot.jar;	[MsgId: MWAR-22986]
Notify: classpath=C:\Users\Абдусамеъ\Documents\VuGen\Scripts\JavaHTTP1;d:\loadrunner\classes\srv;d:\loadrunner\classes;C:\Users\Абдусамеъ\Documents\VuGen\Scripts\JavaHTTP1\original-testArtId-1.0-SNAPSHOT.jar;;;C:\Users\Абдусамеъ\Documents\VuGen\Scripts\JavaHTTP1\powermock-core-1.0-SNAPSHOT-jar-with-dependencies.jar;;d:\loadrunner\lib\xstream-1.4.8.jar;d:\loadrunner\lib\xpp3-1.1.4c.jar	[MsgId: MMSG-22986]
Notify: Path=C:\Program Files (x86)\Java\jdk1.8.0_121\jre\bin\client;C:\Program Files (x86)\Java\jdk1.8.0_121\bin;D:\LOADRU~1\bin;C:\Program Files (x86)\HP\NV\lib\shunra\vcat;C:\oraclexe\app\oracle\product\11.2.0\server\bin;C:\Program Files (x86)\iis express\PHP\v5.3;C:\ProgramData\Oracle\Java\javapath;C:\WINDOWS\system32;C:\WINDOWS;C:\WINDOWS\System32\Wbem;C:\WINDOWS\System32\WindowsPowerShell\v1.0\;C:\Program Files\MATLAB\R2013b\runtime\win64;C:\Program Files\MATLAB\R2013b\bin;C:\Program Files\MATLAB\R2013b\polyspace\bin;C:\Program Files (x86)\Windows Live\Shared;C:\Program Files (x86)\Java\jre1.8.0_45\bin;C:\Users\Абдусамеъ\.dnx\bin;C:\Program Files\Microsoft DNX\Dnvm\;C:\Program Files (x86)\Skype\Phone\;C:\WINDOWS\system32;C:\WINDOWS;C:\WINDOWS\System32\Wbem;C:\WINDOWS\System32\WindowsPowerShell\v1.0\;D:\Loadrunner\strawberry-perl\perl\bin;C:\Program Files (x86)\HP\NV\lib\thirdparty\safenet\LDK\7.0;C:\Program Files (x86)\HP\NV\lib\shunra\snv;C:\Program Files\apache-maven-3.5.0\bin;C:\Users\Абдусамеъ\AppData\Local\Microsoft\WindowsApps;	[MsgId: MMSG-22986]
Notify: VM Params: .	[MsgId: MMSG-22986]
Start auto log messages stack - Iteration 3.	[MsgId: MMSG-10545]
System.err: 	at java.lang.reflect.Method.invoke(Method.java:498)                                                                                                                                                      Error	[MsgId: MMSG-17999]
System.err: 	at com.hpe.lr.java.replay.ScriptContainer.invoke(ScriptContainer.java:68)                                                                                                                                                      Error	[MsgId: MMSG-17999]
System.err: 	at com.hpe.lr.java.replay.ScriptContainer.action(ScriptContainer.java:59)                                                                                                                                                      Error	[MsgId: MMSG-17999]
Error: java.lang.AssertionError: Строка Fail не содержит подстроку 'ass' expected [true] but found [false]	[MsgId: MERR-17999]
Error: 	at org.testng.Assert.fail(Assert.java:93)
	at org.testng.Assert.failNotEquals(Assert.java:512)
	at org.testng.Assert.assertTrue(Assert.java:41)
	at TestGetClass.testGetMethod(TestGetClass.java:17)
	at Actions.action(Actions.java:13)
	at sun.reflect.NativeMethodAccessorImpl.invoke0(Native Method)
	at sun.reflect.NativeMethodAccessorImpl.invoke(NativeMethodAccessorImpl.java:62)
	at sun.reflect.DelegatingMethodAccessorImpl.invoke(DelegatingMethodAccessorImpl.java:43)
	at java.lang.reflect.Method.invoke(Method.java:498)
	at com.hpe.lr.java.replay.ScriptContainer.invoke(ScriptContainer.java:68)
	at com.hpe.lr.java.replay.ScriptContainer.action(ScriptContainer.java:59)
	[MsgId: MERR-17999]
End auto log messages stack.	[MsgId: MMSG-10544]


